
> client@0.1.0 start
> react-scripts start

Starting the development server...

Compiled successfully!

You can now view client in the browser.

  Local:            http://localhost:3000
  On Your Network:  http://192.168.18.64:3000

Note that the development build is not optimized.
To create a production build, use npm run build.

webpack compiled [1m[32msuccessfully[39m[22m
Proxy error: Could not proxy request /api/v1/category/get-category from localhost:3000 to http://localhost:6060/.
See https://nodejs.org/api/errors.html#errors_common_system_errors for more information (ETIMEDOUT).

Proxy error: Could not proxy request /api/v1/category/get-category from localhost:3000 to http://localhost:6060/.
See https://nodejs.org/api/errors.html#errors_common_system_errors for more information (ETIMEDOUT).

Proxy error: Could not proxy request /api/v1/product/product-count from localhost:3000 to http://localhost:6060/.
See https://nodejs.org/api/errors.html#errors_common_system_errors for more information (ECONNREFUSED).

Proxy error: Could not proxy request /api/v1/product/product-list/1 from localhost:3000 to http://localhost:6060/.
See https://nodejs.org/api/errors.html#errors_common_system_errors for more information (ECONNREFUSED).

Compiling...
Compiled successfully!
webpack compiled [1m[32msuccessfully[39m[22m
