Huang Yi Chee, A0259617R

2026-04-12 01:31:45
virtual-vault-frontend,0.73%,617.7MiB / 7.654GiB,7.88%
virtual-vault-backend,0.26%,53.65MiB / 7.654GiB,0.68%
mongodb,1.06%,231.3MiB / 7.654GiB,2.95%
2026-04-12 01:31:52
virtual-vault-frontend,0.75%,617.9MiB / 7.654GiB,7.88%
virtual-vault-backend,0.00%,53.43MiB / 7.654GiB,0.68%
mongodb,1.17%,231.3MiB / 7.654GiB,2.95%
2026-04-12 01:31:59
virtual-vault-frontend,0.93%,617.7MiB / 7.654GiB,7.88%
virtual-vault-backend,0.00%,53.48MiB / 7.654GiB,0.68%
mongodb,1.19%,231.3MiB / 7.654GiB,2.95%
2026-04-12 01:32:06
virtual-vault-frontend,0.84%,617.7MiB / 7.654GiB,7.88%
virtual-vault-backend,0.00%,53.54MiB / 7.654GiB,0.68%
mongodb,0.89%,231.3MiB / 7.654GiB,2.95%
2026-04-12 01:32:13
virtual-vault-frontend,0.80%,617.7MiB / 7.654GiB,7.88%
virtual-vault-backend,2.36%,56.38MiB / 7.654GiB,0.72%
mongodb,1.06%,233.5MiB / 7.654GiB,2.98%
2026-04-12 01:32:20
virtual-vault-frontend,0.65%,617MiB / 7.654GiB,7.87%
virtual-vault-backend,6.71%,56.53MiB / 7.654GiB,0.72%
mongodb,0.73%,233.4MiB / 7.654GiB,2.98%
2026-04-12 01:32:27
virtual-vault-frontend,0.80%,617MiB / 7.654GiB,7.87%
virtual-vault-backend,1.59%,57.89MiB / 7.654GiB,0.74%
mongodb,2.82%,233.5MiB / 7.654GiB,2.98%
2026-04-12 01:32:34
virtual-vault-frontend,0.83%,617.3MiB / 7.654GiB,7.88%
virtual-vault-backend,22.78%,198.4MiB / 7.654GiB,2.53%
mongodb,3.12%,243.5MiB / 7.654GiB,3.11%
2026-04-12 01:32:41
virtual-vault-frontend,0.60%,617.1MiB / 7.654GiB,7.87%
virtual-vault-backend,12.70%,276MiB / 7.654GiB,3.52%
mongodb,1.67%,243.6MiB / 7.654GiB,3.11%
2026-04-12 01:32:49
virtual-vault-frontend,0.39%,617.1MiB / 7.654GiB,7.87%
virtual-vault-backend,118.69%,213.5MiB / 7.654GiB,2.72%
mongodb,1.30%,243.8MiB / 7.654GiB,3.11%
2026-04-12 01:32:56
virtual-vault-frontend,0.51%,617.1MiB / 7.654GiB,7.87%
virtual-vault-backend,86.89%,247.3MiB / 7.654GiB,3.15%
mongodb,1.70%,245.9MiB / 7.654GiB,3.14%
2026-04-12 01:33:03
virtual-vault-frontend,0.56%,617.1MiB / 7.654GiB,7.87%
virtual-vault-backend,63.24%,269MiB / 7.654GiB,3.43%
mongodb,1.10%,247.9MiB / 7.654GiB,3.16%
2026-04-12 01:33:10
virtual-vault-frontend,0.40%,617.1MiB / 7.654GiB,7.87%
virtual-vault-backend,32.96%,260.4MiB / 7.654GiB,3.32%
mongodb,1.50%,247.9MiB / 7.654GiB,3.16%
2026-04-12 01:33:17
virtual-vault-frontend,0.56%,617.2MiB / 7.654GiB,7.87%
virtual-vault-backend,21.48%,206.8MiB / 7.654GiB,2.64%
mongodb,2.46%,250MiB / 7.654GiB,3.19%
2026-04-12 01:33:24
virtual-vault-frontend,0.46%,617.2MiB / 7.654GiB,7.88%
virtual-vault-backend,137.04%,238MiB / 7.654GiB,3.04%
mongodb,3.04%,258.1MiB / 7.654GiB,3.29%
2026-04-12 01:33:31
virtual-vault-frontend,0.51%,617.2MiB / 7.654GiB,7.88%
virtual-vault-backend,158.72%,295.3MiB / 7.654GiB,3.77%
mongodb,2.50%,260.5MiB / 7.654GiB,3.32%
2026-04-12 01:33:38
virtual-vault-frontend,0.55%,617.3MiB / 7.654GiB,7.88%
virtual-vault-backend,113.53%,290.7MiB / 7.654GiB,3.71%
mongodb,4.30%,260.2MiB / 7.654GiB,3.32%
2026-04-12 01:33:45
virtual-vault-frontend,0.46%,617.5MiB / 7.654GiB,7.88%
virtual-vault-backend,126.93%,285.1MiB / 7.654GiB,3.64%
mongodb,2.45%,262.3MiB / 7.654GiB,3.35%
2026-04-12 01:33:52
virtual-vault-frontend,0.44%,617.3MiB / 7.654GiB,7.88%
virtual-vault-backend,136.06%,438.5MiB / 7.654GiB,5.60%
mongodb,3.71%,262.4MiB / 7.654GiB,3.35%
2026-04-12 01:33:59
virtual-vault-frontend,0.45%,617.3MiB / 7.654GiB,7.88%
virtual-vault-backend,163.36%,252.6MiB / 7.654GiB,3.22%
mongodb,4.45%,270.5MiB / 7.654GiB,3.45%
2026-04-12 01:34:06
virtual-vault-frontend,0.55%,617.3MiB / 7.654GiB,7.88%
virtual-vault-backend,126.95%,369.5MiB / 7.654GiB,4.71%
mongodb,2.37%,272.8MiB / 7.654GiB,3.48%
2026-04-12 01:34:13
virtual-vault-frontend,0.41%,618.6MiB / 7.654GiB,7.89%
virtual-vault-backend,129.40%,328.3MiB / 7.654GiB,4.19%
mongodb,3.33%,280.7MiB / 7.654GiB,3.58%
2026-04-12 01:34:20
virtual-vault-frontend,0.40%,618.6MiB / 7.654GiB,7.89%
virtual-vault-backend,121.57%,294.9MiB / 7.654GiB,3.76%
mongodb,0.93%,284.8MiB / 7.654GiB,3.63%
2026-04-12 01:34:27
virtual-vault-frontend,0.47%,618.6MiB / 7.654GiB,7.89%
virtual-vault-backend,103.30%,391.3MiB / 7.654GiB,4.99%
mongodb,3.83%,289MiB / 7.654GiB,3.69%
2026-04-12 01:34:34
virtual-vault-frontend,0.45%,618.6MiB / 7.654GiB,7.89%
virtual-vault-backend,147.27%,377MiB / 7.654GiB,4.81%
mongodb,4.57%,291.2MiB / 7.654GiB,3.72%
2026-04-12 01:34:41
virtual-vault-frontend,0.48%,618.6MiB / 7.654GiB,7.89%
virtual-vault-backend,112.29%,364.2MiB / 7.654GiB,4.65%
mongodb,1.41%,293.2MiB / 7.654GiB,3.74%
2026-04-12 01:34:48
virtual-vault-frontend,0.48%,618.8MiB / 7.654GiB,7.90%
virtual-vault-backend,145.82%,479.3MiB / 7.654GiB,6.12%
mongodb,3.05%,305.6MiB / 7.654GiB,3.90%
2026-04-12 01:34:55
virtual-vault-frontend,0.36%,618.8MiB / 7.654GiB,7.90%
virtual-vault-backend,168.53%,417.8MiB / 7.654GiB,5.33%
mongodb,5.02%,305.6MiB / 7.654GiB,3.90%
2026-04-12 01:35:02
virtual-vault-frontend,0.37%,618.8MiB / 7.654GiB,7.90%
virtual-vault-backend,141.90%,348MiB / 7.654GiB,4.44%
mongodb,7.56%,299.7MiB / 7.654GiB,3.82%
2026-04-12 01:35:09
virtual-vault-frontend,0.43%,618.9MiB / 7.654GiB,7.90%
virtual-vault-backend,155.30%,355.9MiB / 7.654GiB,4.54%
mongodb,4.31%,299.9MiB / 7.654GiB,3.83%
2026-04-12 01:35:16
virtual-vault-frontend,0.50%,618.9MiB / 7.654GiB,7.90%
virtual-vault-backend,150.58%,520.5MiB / 7.654GiB,6.64%
mongodb,8.99%,302.1MiB / 7.654GiB,3.86%
2026-04-12 01:35:23
virtual-vault-frontend,0.42%,618.9MiB / 7.654GiB,7.90%
virtual-vault-backend,125.29%,431.5MiB / 7.654GiB,5.51%
mongodb,3.47%,302.3MiB / 7.654GiB,3.86%
2026-04-12 01:35:30
virtual-vault-frontend,0.45%,618.9MiB / 7.654GiB,7.90%
virtual-vault-backend,113.83%,519.7MiB / 7.654GiB,6.63%
mongodb,0.71%,306.7MiB / 7.654GiB,3.91%
2026-04-12 01:35:38
virtual-vault-frontend,0.48%,618.9MiB / 7.654GiB,7.90%
virtual-vault-backend,167.29%,465.3MiB / 7.654GiB,5.94%
mongodb,4.61%,300.7MiB / 7.654GiB,3.84%
2026-04-12 01:35:45
virtual-vault-frontend,0.46%,618.9MiB / 7.654GiB,7.90%
virtual-vault-backend,138.87%,414.4MiB / 7.654GiB,5.29%
mongodb,1.94%,300.3MiB / 7.654GiB,3.83%
2026-04-12 01:35:52
virtual-vault-frontend,0.52%,619MiB / 7.654GiB,7.90%
virtual-vault-backend,132.59%,528.1MiB / 7.654GiB,6.74%
mongodb,1.44%,302.4MiB / 7.654GiB,3.86%
2026-04-12 01:35:59
virtual-vault-frontend,1.33%,619MiB / 7.654GiB,7.90%
virtual-vault-backend,139.84%,400.9MiB / 7.654GiB,5.12%
mongodb,2.28%,300.5MiB / 7.654GiB,3.83%
2026-04-12 01:36:06
virtual-vault-frontend,0.35%,619MiB / 7.654GiB,7.90%
virtual-vault-backend,110.61%,519.2MiB / 7.654GiB,6.62%
mongodb,1.11%,310.7MiB / 7.654GiB,3.96%
2026-04-12 01:36:13
virtual-vault-frontend,0.46%,619MiB / 7.654GiB,7.90%
virtual-vault-backend,145.66%,439.6MiB / 7.654GiB,5.61%
mongodb,3.10%,307.1MiB / 7.654GiB,3.92%
2026-04-12 01:36:20
virtual-vault-frontend,0.46%,619MiB / 7.654GiB,7.90%
virtual-vault-backend,160.91%,317.1MiB / 7.654GiB,4.05%
mongodb,2.81%,306.9MiB / 7.654GiB,3.92%
2026-04-12 01:36:27
virtual-vault-frontend,0.40%,619MiB / 7.654GiB,7.90%
virtual-vault-backend,141.11%,458.8MiB / 7.654GiB,5.85%
mongodb,3.11%,308.9MiB / 7.654GiB,3.94%
2026-04-12 01:36:34
virtual-vault-frontend,0.41%,619.1MiB / 7.654GiB,7.90%
virtual-vault-backend,146.61%,505.5MiB / 7.654GiB,6.45%
mongodb,4.45%,311MiB / 7.654GiB,3.97%
2026-04-12 01:36:41
virtual-vault-frontend,0.76%,619.1MiB / 7.654GiB,7.90%
virtual-vault-backend,159.32%,407.5MiB / 7.654GiB,5.20%
mongodb,7.61%,307.2MiB / 7.654GiB,3.92%
2026-04-12 01:36:48
virtual-vault-frontend,0.47%,619.1MiB / 7.654GiB,7.90%
virtual-vault-backend,129.22%,386.8MiB / 7.654GiB,4.94%
mongodb,3.81%,307MiB / 7.654GiB,3.92%
2026-04-12 01:36:55
virtual-vault-frontend,0.43%,619.1MiB / 7.654GiB,7.90%
virtual-vault-backend,146.37%,554.7MiB / 7.654GiB,7.08%
mongodb,5.88%,309.8MiB / 7.654GiB,3.95%
2026-04-12 01:37:02
virtual-vault-frontend,0.42%,619.1MiB / 7.654GiB,7.90%
virtual-vault-backend,123.14%,429.7MiB / 7.654GiB,5.48%
mongodb,2.73%,307MiB / 7.654GiB,3.92%
2026-04-12 01:37:09
virtual-vault-frontend,0.44%,619.2MiB / 7.654GiB,7.90%
virtual-vault-backend,119.35%,632.2MiB / 7.654GiB,8.07%
mongodb,1.92%,313MiB / 7.654GiB,3.99%
2026-04-12 01:37:16
virtual-vault-frontend,0.43%,619.2MiB / 7.654GiB,7.90%
virtual-vault-backend,128.22%,317.1MiB / 7.654GiB,4.05%
mongodb,2.75%,311.2MiB / 7.654GiB,3.97%
2026-04-12 01:37:23
virtual-vault-frontend,0.60%,618.4MiB / 7.654GiB,7.89%
virtual-vault-backend,145.16%,445.5MiB / 7.654GiB,5.68%
mongodb,2.47%,313.5MiB / 7.654GiB,4.00%
2026-04-12 01:37:30
virtual-vault-frontend,0.43%,618.4MiB / 7.654GiB,7.89%
virtual-vault-backend,162.50%,362.9MiB / 7.654GiB,4.63%
mongodb,7.49%,317.5MiB / 7.654GiB,4.05%
2026-04-12 01:37:37
virtual-vault-frontend,0.44%,618.4MiB / 7.654GiB,7.89%
virtual-vault-backend,127.79%,480.1MiB / 7.654GiB,6.13%
mongodb,3.21%,315.5MiB / 7.654GiB,4.03%
2026-04-12 01:37:44
virtual-vault-frontend,0.45%,618.5MiB / 7.654GiB,7.89%
virtual-vault-backend,137.86%,417.1MiB / 7.654GiB,5.32%
mongodb,4.46%,316.2MiB / 7.654GiB,4.04%
2026-04-12 01:37:51
virtual-vault-frontend,0.45%,618.5MiB / 7.654GiB,7.89%
virtual-vault-backend,148.28%,467.1MiB / 7.654GiB,5.96%
mongodb,4.74%,316.9MiB / 7.654GiB,4.04%
2026-04-12 01:37:58
virtual-vault-frontend,0.60%,618.5MiB / 7.654GiB,7.89%
virtual-vault-backend,135.18%,421.9MiB / 7.654GiB,5.38%
mongodb,1.77%,313.5MiB / 7.654GiB,4.00%
2026-04-12 01:38:05
virtual-vault-frontend,0.53%,618.5MiB / 7.654GiB,7.89%
virtual-vault-backend,146.47%,527.1MiB / 7.654GiB,6.73%
mongodb,4.84%,316.2MiB / 7.654GiB,4.03%
2026-04-12 01:38:12
virtual-vault-frontend,0.51%,618.5MiB / 7.654GiB,7.89%
virtual-vault-backend,144.12%,491.7MiB / 7.654GiB,6.27%
mongodb,3.58%,314.8MiB / 7.654GiB,4.02%
2026-04-12 01:38:19
virtual-vault-frontend,0.41%,618.5MiB / 7.654GiB,7.89%
virtual-vault-backend,132.52%,509.4MiB / 7.654GiB,6.50%
mongodb,3.99%,313.5MiB / 7.654GiB,4.00%
2026-04-12 01:38:26
virtual-vault-frontend,0.46%,618.6MiB / 7.654GiB,7.89%
virtual-vault-backend,122.88%,549.6MiB / 7.654GiB,7.01%
mongodb,1.43%,313.5MiB / 7.654GiB,4.00%
2026-04-12 01:38:33
virtual-vault-frontend,0.49%,618.6MiB / 7.654GiB,7.89%
virtual-vault-backend,166.92%,576.8MiB / 7.654GiB,7.36%
mongodb,3.86%,313.5MiB / 7.654GiB,4.00%
2026-04-12 01:38:41
virtual-vault-frontend,0.46%,618.6MiB / 7.654GiB,7.89%
virtual-vault-backend,185.57%,448.7MiB / 7.654GiB,5.73%
mongodb,4.51%,311.5MiB / 7.654GiB,3.97%
2026-04-12 01:38:48
virtual-vault-frontend,0.41%,618.6MiB / 7.654GiB,7.89%
virtual-vault-backend,111.12%,577MiB / 7.654GiB,7.36%
mongodb,1.41%,311.6MiB / 7.654GiB,3.98%
2026-04-12 01:38:55
virtual-vault-frontend,0.50%,618.6MiB / 7.654GiB,7.89%
virtual-vault-backend,165.36%,494.5MiB / 7.654GiB,6.31%
mongodb,4.25%,323MiB / 7.654GiB,4.12%
2026-04-12 01:39:02
virtual-vault-frontend,0.45%,618.6MiB / 7.654GiB,7.89%
virtual-vault-backend,158.74%,454.4MiB / 7.654GiB,5.80%
mongodb,4.13%,319.7MiB / 7.654GiB,4.08%
2026-04-12 01:39:09
virtual-vault-frontend,0.44%,618.7MiB / 7.654GiB,7.89%
virtual-vault-backend,153.44%,443.2MiB / 7.654GiB,5.66%
mongodb,2.35%,319.1MiB / 7.654GiB,4.07%
2026-04-12 01:39:16
virtual-vault-frontend,0.45%,618.7MiB / 7.654GiB,7.89%
virtual-vault-backend,138.89%,370.9MiB / 7.654GiB,4.73%
mongodb,4.90%,322.9MiB / 7.654GiB,4.12%
2026-04-12 01:39:23
virtual-vault-frontend,0.41%,618.7MiB / 7.654GiB,7.89%
virtual-vault-backend,159.08%,534.2MiB / 7.654GiB,6.82%
mongodb,2.31%,317.9MiB / 7.654GiB,4.06%
2026-04-12 01:39:30
virtual-vault-frontend,0.43%,618.7MiB / 7.654GiB,7.89%
virtual-vault-backend,133.95%,382.2MiB / 7.654GiB,4.88%
mongodb,1.94%,315.8MiB / 7.654GiB,4.03%
2026-04-12 01:39:37
virtual-vault-frontend,0.40%,618.7MiB / 7.654GiB,7.89%
virtual-vault-backend,127.65%,477.4MiB / 7.654GiB,6.09%
mongodb,1.59%,315.8MiB / 7.654GiB,4.03%
2026-04-12 01:39:44
virtual-vault-frontend,0.40%,618.8MiB / 7.654GiB,7.89%
virtual-vault-backend,120.19%,504.7MiB / 7.654GiB,6.44%
mongodb,6.41%,315.9MiB / 7.654GiB,4.03%
2026-04-12 01:39:51
virtual-vault-frontend,0.39%,618.8MiB / 7.654GiB,7.89%
virtual-vault-backend,135.28%,435MiB / 7.654GiB,5.55%
mongodb,1.49%,319.8MiB / 7.654GiB,4.08%
2026-04-12 01:39:58
virtual-vault-frontend,0.50%,618.8MiB / 7.654GiB,7.90%
virtual-vault-backend,114.73%,557.7MiB / 7.654GiB,7.12%
mongodb,1.72%,317.8MiB / 7.654GiB,4.05%
2026-04-12 01:40:05
virtual-vault-frontend,0.40%,618.8MiB / 7.654GiB,7.90%
virtual-vault-backend,112.54%,547MiB / 7.654GiB,6.98%
mongodb,1.28%,315.9MiB / 7.654GiB,4.03%
2026-04-12 01:40:12
virtual-vault-frontend,0.43%,618.8MiB / 7.654GiB,7.90%
virtual-vault-backend,171.38%,471MiB / 7.654GiB,6.01%
mongodb,5.69%,315.8MiB / 7.654GiB,4.03%
2026-04-12 01:40:19
virtual-vault-frontend,0.41%,618.8MiB / 7.654GiB,7.90%
virtual-vault-backend,128.27%,429.3MiB / 7.654GiB,5.48%
mongodb,2.30%,315.8MiB / 7.654GiB,4.03%
2026-04-12 01:40:26
virtual-vault-frontend,0.49%,618.9MiB / 7.654GiB,7.90%
virtual-vault-backend,126.85%,348.9MiB / 7.654GiB,4.45%
mongodb,1.85%,315.8MiB / 7.654GiB,4.03%
2026-04-12 01:40:33
virtual-vault-frontend,0.51%,618.9MiB / 7.654GiB,7.90%
virtual-vault-backend,168.13%,413.4MiB / 7.654GiB,5.27%
mongodb,3.35%,315.8MiB / 7.654GiB,4.03%
2026-04-12 01:40:40
virtual-vault-frontend,0.40%,618.9MiB / 7.654GiB,7.90%
virtual-vault-backend,113.45%,566.4MiB / 7.654GiB,7.23%
mongodb,1.81%,319.8MiB / 7.654GiB,4.08%
2026-04-12 01:40:47
virtual-vault-frontend,0.44%,618.9MiB / 7.654GiB,7.90%
virtual-vault-backend,124.86%,430.3MiB / 7.654GiB,5.49%
mongodb,4.32%,320.3MiB / 7.654GiB,4.09%
2026-04-12 01:40:54
virtual-vault-frontend,0.41%,618.9MiB / 7.654GiB,7.90%
virtual-vault-backend,127.72%,424.9MiB / 7.654GiB,5.42%
mongodb,5.16%,319.8MiB / 7.654GiB,4.08%
2026-04-12 01:41:01
virtual-vault-frontend,0.42%,618.9MiB / 7.654GiB,7.90%
virtual-vault-backend,162.94%,517MiB / 7.654GiB,6.60%
mongodb,3.24%,319.8MiB / 7.654GiB,4.08%
2026-04-12 01:41:08
virtual-vault-frontend,0.59%,619MiB / 7.654GiB,7.90%
virtual-vault-backend,179.15%,431.2MiB / 7.654GiB,5.50%
mongodb,7.69%,318MiB / 7.654GiB,4.06%
2026-04-12 01:41:15
virtual-vault-frontend,0.42%,619MiB / 7.654GiB,7.90%
virtual-vault-backend,141.85%,479.8MiB / 7.654GiB,6.12%
mongodb,2.48%,317.5MiB / 7.654GiB,4.05%
2026-04-12 01:41:22
virtual-vault-frontend,0.41%,619MiB / 7.654GiB,7.90%
virtual-vault-backend,113.73%,415.1MiB / 7.654GiB,5.30%
mongodb,3.28%,315.8MiB / 7.654GiB,4.03%
2026-04-12 01:41:29
virtual-vault-frontend,0.42%,619MiB / 7.654GiB,7.90%
virtual-vault-backend,109.82%,513.8MiB / 7.654GiB,6.56%
mongodb,2.30%,315.9MiB / 7.654GiB,4.03%
2026-04-12 01:41:37
virtual-vault-frontend,0.46%,619MiB / 7.654GiB,7.90%
virtual-vault-backend,127.72%,439.9MiB / 7.654GiB,5.61%
mongodb,4.97%,327.9MiB / 7.654GiB,4.18%
2026-04-12 01:41:44
virtual-vault-frontend,0.47%,619MiB / 7.654GiB,7.90%
virtual-vault-backend,140.52%,585.6MiB / 7.654GiB,7.47%
mongodb,3.84%,321.9MiB / 7.654GiB,4.11%
2026-04-12 01:41:51
virtual-vault-frontend,0.46%,619.1MiB / 7.654GiB,7.90%
virtual-vault-backend,136.95%,501.3MiB / 7.654GiB,6.40%
mongodb,2.24%,327.9MiB / 7.654GiB,4.18%
2026-04-12 01:41:58
virtual-vault-frontend,0.68%,619.1MiB / 7.654GiB,7.90%
virtual-vault-backend,118.51%,471.2MiB / 7.654GiB,6.01%
mongodb,3.58%,319.9MiB / 7.654GiB,4.08%
2026-04-12 01:42:05
virtual-vault-frontend,0.37%,619.1MiB / 7.654GiB,7.90%
virtual-vault-backend,129.48%,475.2MiB / 7.654GiB,6.06%
mongodb,1.97%,324.8MiB / 7.654GiB,4.14%
2026-04-12 01:42:12
virtual-vault-frontend,0.41%,619.1MiB / 7.654GiB,7.90%
virtual-vault-backend,116.34%,438.8MiB / 7.654GiB,5.60%
mongodb,1.93%,322MiB / 7.654GiB,4.11%
2026-04-12 01:42:19
virtual-vault-frontend,0.47%,619.1MiB / 7.654GiB,7.90%
virtual-vault-backend,124.18%,449.2MiB / 7.654GiB,5.73%
mongodb,3.22%,322MiB / 7.654GiB,4.11%
2026-04-12 01:42:26
virtual-vault-frontend,0.51%,619.2MiB / 7.654GiB,7.90%
virtual-vault-backend,161.99%,513.6MiB / 7.654GiB,6.55%
mongodb,5.28%,321.9MiB / 7.654GiB,4.11%
2026-04-12 01:42:33
virtual-vault-frontend,0.44%,619.2MiB / 7.654GiB,7.90%
virtual-vault-backend,130.96%,443.2MiB / 7.654GiB,5.65%
mongodb,2.91%,318.7MiB / 7.654GiB,4.07%
2026-04-12 01:42:40
virtual-vault-frontend,0.42%,619.2MiB / 7.654GiB,7.90%
virtual-vault-backend,113.75%,467.5MiB / 7.654GiB,5.96%
mongodb,2.01%,318MiB / 7.654GiB,4.06%
2026-04-12 01:42:47
virtual-vault-frontend,0.42%,619.2MiB / 7.654GiB,7.90%
virtual-vault-backend,111.27%,515.8MiB / 7.654GiB,6.58%
mongodb,1.03%,320.1MiB / 7.654GiB,4.08%
2026-04-12 01:42:54
virtual-vault-frontend,0.40%,619.2MiB / 7.654GiB,7.90%
virtual-vault-backend,141.98%,477.4MiB / 7.654GiB,6.09%
mongodb,4.69%,320.6MiB / 7.654GiB,4.09%
2026-04-12 01:43:01
virtual-vault-frontend,0.41%,619.2MiB / 7.654GiB,7.90%
virtual-vault-backend,118.40%,538MiB / 7.654GiB,6.87%
mongodb,4.31%,320.3MiB / 7.654GiB,4.09%
2026-04-12 01:43:08
virtual-vault-frontend,0.44%,619.3MiB / 7.654GiB,7.90%
virtual-vault-backend,137.79%,410.3MiB / 7.654GiB,5.24%
mongodb,1.62%,319.9MiB / 7.654GiB,4.08%
2026-04-12 01:43:15
virtual-vault-frontend,0.46%,619.3MiB / 7.654GiB,7.90%
virtual-vault-backend,145.34%,449.5MiB / 7.654GiB,5.73%
mongodb,4.63%,316.3MiB / 7.654GiB,4.04%
2026-04-12 01:43:22
virtual-vault-frontend,0.43%,619.3MiB / 7.654GiB,7.90%
virtual-vault-backend,122.65%,444.7MiB / 7.654GiB,5.67%
mongodb,3.11%,314.3MiB / 7.654GiB,4.01%
2026-04-12 01:43:29
virtual-vault-frontend,0.44%,619.3MiB / 7.654GiB,7.90%
virtual-vault-backend,126.19%,466.9MiB / 7.654GiB,5.96%
mongodb,1.08%,320.3MiB / 7.654GiB,4.09%
2026-04-12 01:43:36
virtual-vault-frontend,0.42%,619.4MiB / 7.654GiB,7.90%
virtual-vault-backend,114.55%,580.6MiB / 7.654GiB,7.41%
mongodb,5.17%,318.2MiB / 7.654GiB,4.06%
2026-04-12 01:43:43
virtual-vault-frontend,0.40%,619.4MiB / 7.654GiB,7.90%
virtual-vault-backend,113.23%,577.9MiB / 7.654GiB,7.37%
mongodb,3.74%,316.3MiB / 7.654GiB,4.04%
2026-04-12 01:43:50
virtual-vault-frontend,0.39%,619.4MiB / 7.654GiB,7.90%
virtual-vault-backend,115.17%,621.1MiB / 7.654GiB,7.93%
mongodb,2.00%,316.3MiB / 7.654GiB,4.04%
2026-04-12 01:43:57
virtual-vault-frontend,0.34%,618.4MiB / 7.654GiB,7.89%
virtual-vault-backend,122.58%,486.6MiB / 7.654GiB,6.21%
mongodb,1.71%,316.3MiB / 7.654GiB,4.04%
2026-04-12 01:44:04
virtual-vault-frontend,0.57%,618.5MiB / 7.654GiB,7.89%
virtual-vault-backend,133.40%,399MiB / 7.654GiB,5.09%
mongodb,4.48%,316.3MiB / 7.654GiB,4.04%
2026-04-12 01:44:11
virtual-vault-frontend,0.43%,618.5MiB / 7.654GiB,7.89%
virtual-vault-backend,124.19%,576.2MiB / 7.654GiB,7.35%
mongodb,2.04%,322.4MiB / 7.654GiB,4.11%
2026-04-12 01:44:18
virtual-vault-frontend,0.47%,618.5MiB / 7.654GiB,7.89%
virtual-vault-backend,137.10%,471.6MiB / 7.654GiB,6.02%
mongodb,3.27%,325.4MiB / 7.654GiB,4.15%
2026-04-12 01:44:25
virtual-vault-frontend,0.42%,618.5MiB / 7.654GiB,7.89%
virtual-vault-backend,151.36%,437.2MiB / 7.654GiB,5.58%
mongodb,2.91%,322.4MiB / 7.654GiB,4.11%
2026-04-12 01:44:33
virtual-vault-frontend,0.42%,618.5MiB / 7.654GiB,7.89%
virtual-vault-backend,182.09%,400MiB / 7.654GiB,5.10%
mongodb,4.13%,322.4MiB / 7.654GiB,4.11%
2026-04-12 01:44:40
virtual-vault-frontend,0.43%,618.5MiB / 7.654GiB,7.89%
virtual-vault-backend,177.01%,406.9MiB / 7.654GiB,5.19%
mongodb,4.99%,320.4MiB / 7.654GiB,4.09%
2026-04-12 01:44:47
virtual-vault-frontend,0.63%,618.6MiB / 7.654GiB,7.89%
virtual-vault-backend,149.19%,413.4MiB / 7.654GiB,5.27%
mongodb,4.25%,320.5MiB / 7.654GiB,4.09%
2026-04-12 01:44:54
virtual-vault-frontend,0.38%,618.6MiB / 7.654GiB,7.89%
virtual-vault-backend,121.83%,603.4MiB / 7.654GiB,7.70%
mongodb,1.27%,324.4MiB / 7.654GiB,4.14%
2026-04-12 01:45:01
virtual-vault-frontend,0.49%,618.6MiB / 7.654GiB,7.89%
virtual-vault-backend,113.06%,563.9MiB / 7.654GiB,7.20%
mongodb,2.31%,322.4MiB / 7.654GiB,4.11%
2026-04-12 01:45:08
virtual-vault-frontend,0.44%,618.6MiB / 7.654GiB,7.89%
virtual-vault-backend,145.16%,659.2MiB / 7.654GiB,8.41%
mongodb,6.38%,327MiB / 7.654GiB,4.17%
2026-04-12 01:45:15
virtual-vault-frontend,0.44%,618.6MiB / 7.654GiB,7.89%
virtual-vault-backend,134.16%,486.8MiB / 7.654GiB,6.21%
mongodb,5.37%,322.4MiB / 7.654GiB,4.11%
2026-04-12 01:45:22
virtual-vault-frontend,0.58%,618.6MiB / 7.654GiB,7.89%
virtual-vault-backend,141.07%,334.7MiB / 7.654GiB,4.27%
mongodb,3.28%,322.4MiB / 7.654GiB,4.11%
2026-04-12 01:45:29
virtual-vault-frontend,0.37%,618.7MiB / 7.654GiB,7.89%
virtual-vault-backend,111.94%,484.5MiB / 7.654GiB,6.18%
mongodb,1.07%,322.6MiB / 7.654GiB,4.12%
2026-04-12 01:45:36
virtual-vault-frontend,0.34%,618.7MiB / 7.654GiB,7.89%
virtual-vault-backend,111.19%,386.3MiB / 7.654GiB,4.93%
mongodb,2.50%,324.4MiB / 7.654GiB,4.14%
2026-04-12 01:45:43
virtual-vault-frontend,0.64%,618.7MiB / 7.654GiB,7.89%
virtual-vault-backend,159.51%,527.7MiB / 7.654GiB,6.73%
mongodb,4.76%,326.9MiB / 7.654GiB,4.17%
2026-04-12 01:45:50
virtual-vault-frontend,0.48%,618.7MiB / 7.654GiB,7.89%
virtual-vault-backend,110.28%,604.1MiB / 7.654GiB,7.71%
mongodb,1.98%,322.4MiB / 7.654GiB,4.11%
2026-04-12 01:45:57
virtual-vault-frontend,0.57%,618.7MiB / 7.654GiB,7.89%
virtual-vault-backend,125.82%,434.5MiB / 7.654GiB,5.54%
mongodb,2.82%,322.6MiB / 7.654GiB,4.12%
2026-04-12 01:46:04
virtual-vault-frontend,0.47%,618.8MiB / 7.654GiB,7.89%
virtual-vault-backend,148.77%,379.1MiB / 7.654GiB,4.84%
mongodb,8.74%,324.5MiB / 7.654GiB,4.14%
2026-04-12 01:46:11
virtual-vault-frontend,0.42%,618.8MiB / 7.654GiB,7.90%
virtual-vault-backend,138.36%,473.8MiB / 7.654GiB,6.05%
mongodb,4.17%,320.4MiB / 7.654GiB,4.09%
2026-04-12 01:46:18
virtual-vault-frontend,0.40%,618.8MiB / 7.654GiB,7.90%
virtual-vault-backend,114.46%,537.8MiB / 7.654GiB,6.86%
mongodb,1.28%,325.7MiB / 7.654GiB,4.16%
2026-04-12 01:46:25
virtual-vault-frontend,0.49%,618.8MiB / 7.654GiB,7.90%
virtual-vault-backend,150.95%,512.7MiB / 7.654GiB,6.54%
mongodb,4.06%,330MiB / 7.654GiB,4.21%
2026-04-12 01:46:32
virtual-vault-frontend,0.41%,618.8MiB / 7.654GiB,7.90%
virtual-vault-backend,141.15%,427.6MiB / 7.654GiB,5.46%
mongodb,2.17%,320.5MiB / 7.654GiB,4.09%
2026-04-12 01:46:39
virtual-vault-frontend,0.41%,618.8MiB / 7.654GiB,7.90%
virtual-vault-backend,133.17%,429MiB / 7.654GiB,5.47%
mongodb,3.23%,323.4MiB / 7.654GiB,4.13%
2026-04-12 01:46:46
virtual-vault-frontend,0.37%,618.9MiB / 7.654GiB,7.90%
virtual-vault-backend,113.89%,593.3MiB / 7.654GiB,7.57%
mongodb,1.44%,336.5MiB / 7.654GiB,4.29%
2026-04-12 01:46:53
virtual-vault-frontend,1.29%,618.9MiB / 7.654GiB,7.90%
virtual-vault-backend,122.34%,484.4MiB / 7.654GiB,6.18%
mongodb,1.30%,332.5MiB / 7.654GiB,4.24%
2026-04-12 01:47:00
virtual-vault-frontend,0.48%,618.9MiB / 7.654GiB,7.90%
virtual-vault-backend,164.86%,512.9MiB / 7.654GiB,6.54%
mongodb,4.40%,330.5MiB / 7.654GiB,4.22%
2026-04-12 01:47:07
virtual-vault-frontend,0.39%,618.9MiB / 7.654GiB,7.90%
virtual-vault-backend,120.68%,432.7MiB / 7.654GiB,5.52%
mongodb,3.16%,330.8MiB / 7.654GiB,4.22%
2026-04-12 01:47:14
virtual-vault-frontend,0.68%,618.9MiB / 7.654GiB,7.90%
virtual-vault-backend,149.11%,518.6MiB / 7.654GiB,6.62%
mongodb,5.28%,331.3MiB / 7.654GiB,4.23%
2026-04-12 01:47:21
virtual-vault-frontend,0.56%,618.9MiB / 7.654GiB,7.90%
virtual-vault-backend,173.39%,448.1MiB / 7.654GiB,5.72%
mongodb,3.76%,328.5MiB / 7.654GiB,4.19%
2026-04-12 01:47:29
virtual-vault-frontend,1.44%,619MiB / 7.654GiB,7.90%
virtual-vault-backend,129.27%,422.1MiB / 7.654GiB,5.39%
mongodb,4.91%,328.6MiB / 7.654GiB,4.19%
2026-04-12 01:47:36
virtual-vault-frontend,0.43%,619MiB / 7.654GiB,7.90%
virtual-vault-backend,157.03%,590.1MiB / 7.654GiB,7.53%
mongodb,4.56%,328.5MiB / 7.654GiB,4.19%
2026-04-12 01:47:43
virtual-vault-frontend,0.43%,619MiB / 7.654GiB,7.90%
virtual-vault-backend,148.37%,496.1MiB / 7.654GiB,6.33%
mongodb,4.22%,330.3MiB / 7.654GiB,4.21%
2026-04-12 01:47:50
virtual-vault-frontend,0.43%,619MiB / 7.654GiB,7.90%
virtual-vault-backend,138.32%,484.2MiB / 7.654GiB,6.18%
mongodb,5.57%,328.5MiB / 7.654GiB,4.19%
2026-04-12 01:47:57
virtual-vault-frontend,0.55%,619MiB / 7.654GiB,7.90%
virtual-vault-backend,143.86%,470.1MiB / 7.654GiB,6.00%
mongodb,1.42%,330.7MiB / 7.654GiB,4.22%
2026-04-12 01:48:04
virtual-vault-frontend,1.66%,619.1MiB / 7.654GiB,7.90%
virtual-vault-backend,148.92%,496.8MiB / 7.654GiB,6.34%
mongodb,4.19%,328.3MiB / 7.654GiB,4.19%
2026-04-12 01:48:11
virtual-vault-frontend,0.41%,619.1MiB / 7.654GiB,7.90%
virtual-vault-backend,146.07%,375.9MiB / 7.654GiB,4.80%
mongodb,2.79%,328.5MiB / 7.654GiB,4.19%
2026-04-12 01:48:18
virtual-vault-frontend,0.39%,619.1MiB / 7.654GiB,7.90%
virtual-vault-backend,126.11%,447.5MiB / 7.654GiB,5.71%
mongodb,1.21%,329.8MiB / 7.654GiB,4.21%
2026-04-12 01:48:25
virtual-vault-frontend,0.43%,619.1MiB / 7.654GiB,7.90%
virtual-vault-backend,135.21%,553.5MiB / 7.654GiB,7.06%
mongodb,2.62%,334.6MiB / 7.654GiB,4.27%
2026-04-12 01:48:32
virtual-vault-frontend,0.42%,619.1MiB / 7.654GiB,7.90%
virtual-vault-backend,132.49%,573.2MiB / 7.654GiB,7.31%
mongodb,5.94%,336.4MiB / 7.654GiB,4.29%
2026-04-12 01:48:39
virtual-vault-frontend,0.45%,619.1MiB / 7.654GiB,7.90%
virtual-vault-backend,112.96%,501.9MiB / 7.654GiB,6.40%
mongodb,2.96%,328.5MiB / 7.654GiB,4.19%
2026-04-12 01:48:46
virtual-vault-frontend,0.44%,619.2MiB / 7.654GiB,7.90%
virtual-vault-backend,120.28%,585.1MiB / 7.654GiB,7.47%
mongodb,0.87%,326.5MiB / 7.654GiB,4.17%
2026-04-12 01:48:53
virtual-vault-frontend,0.35%,619.2MiB / 7.654GiB,7.90%
virtual-vault-backend,110.30%,505.8MiB / 7.654GiB,6.45%
mongodb,0.92%,326.8MiB / 7.654GiB,4.17%
2026-04-12 01:49:00
virtual-vault-frontend,0.41%,619.2MiB / 7.654GiB,7.90%
virtual-vault-backend,133.02%,516.4MiB / 7.654GiB,6.59%
mongodb,1.53%,326.5MiB / 7.654GiB,4.17%
2026-04-12 01:49:07
virtual-vault-frontend,0.38%,619.2MiB / 7.654GiB,7.90%
virtual-vault-backend,113.08%,492.9MiB / 7.654GiB,6.29%
mongodb,1.93%,340.6MiB / 7.654GiB,4.35%
2026-04-12 01:49:14
virtual-vault-frontend,0.43%,619.2MiB / 7.654GiB,7.90%
virtual-vault-backend,111.89%,698.5MiB / 7.654GiB,8.91%
mongodb,3.03%,330.6MiB / 7.654GiB,4.22%
2026-04-12 01:49:21
virtual-vault-frontend,0.50%,619.2MiB / 7.654GiB,7.90%
virtual-vault-backend,146.31%,454.2MiB / 7.654GiB,5.80%
mongodb,9.99%,334.4MiB / 7.654GiB,4.27%
2026-04-12 01:49:28
virtual-vault-frontend,0.41%,619.3MiB / 7.654GiB,7.90%
virtual-vault-backend,110.80%,588.8MiB / 7.654GiB,7.51%
mongodb,1.81%,328.8MiB / 7.654GiB,4.20%
2026-04-12 01:49:35
virtual-vault-frontend,0.44%,619.3MiB / 7.654GiB,7.90%
virtual-vault-backend,147.87%,468.7MiB / 7.654GiB,5.98%
mongodb,3.72%,328.6MiB / 7.654GiB,4.19%
2026-04-12 01:49:42
virtual-vault-frontend,0.43%,619.3MiB / 7.654GiB,7.90%
virtual-vault-backend,131.74%,495.9MiB / 7.654GiB,6.33%
mongodb,2.90%,328.8MiB / 7.654GiB,4.19%
2026-04-12 01:49:49
virtual-vault-frontend,0.47%,619.3MiB / 7.654GiB,7.90%
virtual-vault-backend,142.41%,515.2MiB / 7.654GiB,6.57%
mongodb,1.75%,328.7MiB / 7.654GiB,4.19%
2026-04-12 01:49:56
virtual-vault-frontend,0.47%,619.3MiB / 7.654GiB,7.90%
virtual-vault-backend,135.56%,418.6MiB / 7.654GiB,5.34%
mongodb,2.35%,328.6MiB / 7.654GiB,4.19%
2026-04-12 01:50:03
virtual-vault-frontend,0.40%,619.4MiB / 7.654GiB,7.90%
virtual-vault-backend,135.88%,479.3MiB / 7.654GiB,6.12%
mongodb,2.92%,332.5MiB / 7.654GiB,4.24%
2026-04-12 01:50:10
virtual-vault-frontend,0.47%,618.4MiB / 7.654GiB,7.89%
virtual-vault-backend,135.40%,510.6MiB / 7.654GiB,6.51%
mongodb,1.88%,328.7MiB / 7.654GiB,4.19%
2026-04-12 01:50:17
virtual-vault-frontend,0.49%,618.4MiB / 7.654GiB,7.89%
virtual-vault-backend,174.91%,400.6MiB / 7.654GiB,5.11%
mongodb,9.42%,344.5MiB / 7.654GiB,4.40%
2026-04-12 01:50:24
virtual-vault-frontend,0.39%,618.5MiB / 7.654GiB,7.89%
virtual-vault-backend,111.26%,666.1MiB / 7.654GiB,8.50%
mongodb,6.59%,330.6MiB / 7.654GiB,4.22%
2026-04-12 01:50:32
virtual-vault-frontend,0.45%,618.5MiB / 7.654GiB,7.89%
virtual-vault-backend,140.96%,464.5MiB / 7.654GiB,5.93%
mongodb,2.89%,339.8MiB / 7.654GiB,4.34%
2026-04-12 01:50:39
virtual-vault-frontend,0.47%,618.5MiB / 7.654GiB,7.89%
virtual-vault-backend,178.78%,595.4MiB / 7.654GiB,7.60%
mongodb,2.46%,337.1MiB / 7.654GiB,4.30%
2026-04-12 01:50:46
virtual-vault-frontend,0.41%,618.5MiB / 7.654GiB,7.89%
virtual-vault-backend,153.64%,418.6MiB / 7.654GiB,5.34%
mongodb,3.94%,324.6MiB / 7.654GiB,4.14%
2026-04-12 01:50:53
virtual-vault-frontend,0.44%,618.5MiB / 7.654GiB,7.89%
virtual-vault-backend,133.98%,538.7MiB / 7.654GiB,6.87%
mongodb,2.10%,327MiB / 7.654GiB,4.17%
2026-04-12 01:51:00
virtual-vault-frontend,0.54%,618.6MiB / 7.654GiB,7.89%
virtual-vault-backend,124.45%,558.2MiB / 7.654GiB,7.12%
mongodb,2.00%,330.6MiB / 7.654GiB,4.22%
2026-04-12 01:51:07
virtual-vault-frontend,0.43%,618.6MiB / 7.654GiB,7.89%
virtual-vault-backend,135.97%,464.5MiB / 7.654GiB,5.93%
mongodb,1.88%,329.5MiB / 7.654GiB,4.20%
2026-04-12 01:51:14
virtual-vault-frontend,0.42%,618.6MiB / 7.654GiB,7.89%
virtual-vault-backend,158.78%,540.2MiB / 7.654GiB,6.89%
mongodb,1.21%,326.6MiB / 7.654GiB,4.17%
2026-04-12 01:51:21
virtual-vault-frontend,0.40%,618.6MiB / 7.654GiB,7.89%
virtual-vault-backend,144.22%,448.6MiB / 7.654GiB,5.72%
mongodb,4.00%,328.6MiB / 7.654GiB,4.19%
2026-04-12 01:51:28
virtual-vault-frontend,0.52%,618.6MiB / 7.654GiB,7.89%
virtual-vault-backend,133.42%,488.8MiB / 7.654GiB,6.24%
mongodb,1.82%,327.1MiB / 7.654GiB,4.17%
2026-04-12 01:51:35
virtual-vault-frontend,0.35%,618.6MiB / 7.654GiB,7.89%
virtual-vault-backend,164.70%,437MiB / 7.654GiB,5.58%
mongodb,7.44%,326.9MiB / 7.654GiB,4.17%
2026-04-12 01:51:42
virtual-vault-frontend,0.43%,618.7MiB / 7.654GiB,7.89%
virtual-vault-backend,116.39%,602.4MiB / 7.654GiB,7.69%
mongodb,1.97%,326.9MiB / 7.654GiB,4.17%
2026-04-12 01:51:49
virtual-vault-frontend,0.37%,618.7MiB / 7.654GiB,7.89%
virtual-vault-backend,160.89%,415.4MiB / 7.654GiB,5.30%
mongodb,3.00%,326.7MiB / 7.654GiB,4.17%
2026-04-12 01:51:56
virtual-vault-frontend,0.49%,618.7MiB / 7.654GiB,7.89%
virtual-vault-backend,149.16%,457.8MiB / 7.654GiB,5.84%
mongodb,3.71%,328.6MiB / 7.654GiB,4.19%
2026-04-12 01:52:03
virtual-vault-frontend,0.43%,618.7MiB / 7.654GiB,7.89%
virtual-vault-backend,124.06%,657.8MiB / 7.654GiB,8.39%
mongodb,2.65%,328.6MiB / 7.654GiB,4.19%
2026-04-12 01:52:10
virtual-vault-frontend,0.42%,618.7MiB / 7.654GiB,7.89%
virtual-vault-backend,143.62%,453.8MiB / 7.654GiB,5.79%
mongodb,1.81%,328.6MiB / 7.654GiB,4.19%
2026-04-12 01:52:17
virtual-vault-frontend,0.48%,618.7MiB / 7.654GiB,7.89%
virtual-vault-backend,112.71%,477.6MiB / 7.654GiB,6.09%
mongodb,2.17%,328.6MiB / 7.654GiB,4.19%
2026-04-12 01:52:24
virtual-vault-frontend,0.55%,618.8MiB / 7.654GiB,7.89%
virtual-vault-backend,156.89%,545.4MiB / 7.654GiB,6.96%
mongodb,4.22%,330.3MiB / 7.654GiB,4.21%
2026-04-12 01:52:31
virtual-vault-frontend,0.35%,618.8MiB / 7.654GiB,7.89%
virtual-vault-backend,155.89%,393.1MiB / 7.654GiB,5.02%
mongodb,6.21%,332.5MiB / 7.654GiB,4.24%
2026-04-12 01:52:38
virtual-vault-frontend,0.39%,618.8MiB / 7.654GiB,7.90%
virtual-vault-backend,141.89%,487.2MiB / 7.654GiB,6.22%
mongodb,3.95%,331.1MiB / 7.654GiB,4.22%
2026-04-12 01:52:45
virtual-vault-frontend,0.46%,618.8MiB / 7.654GiB,7.90%
virtual-vault-backend,140.14%,440.4MiB / 7.654GiB,5.62%
mongodb,3.43%,328.6MiB / 7.654GiB,4.19%
2026-04-12 01:52:52
virtual-vault-frontend,0.42%,618.8MiB / 7.654GiB,7.90%
virtual-vault-backend,197.08%,549.2MiB / 7.654GiB,7.01%
mongodb,5.70%,328.7MiB / 7.654GiB,4.19%
2026-04-12 01:52:59
virtual-vault-frontend,0.47%,618.8MiB / 7.654GiB,7.90%
virtual-vault-backend,118.77%,485.1MiB / 7.654GiB,6.19%
mongodb,4.17%,328.6MiB / 7.654GiB,4.19%
2026-04-12 01:53:06
virtual-vault-frontend,0.41%,618.9MiB / 7.654GiB,7.90%
virtual-vault-backend,125.73%,497.5MiB / 7.654GiB,6.35%
mongodb,1.65%,328.6MiB / 7.654GiB,4.19%
2026-04-12 01:53:14
virtual-vault-frontend,1.45%,618.9MiB / 7.654GiB,7.90%
virtual-vault-backend,151.97%,514.4MiB / 7.654GiB,6.56%
mongodb,2.75%,330.3MiB / 7.654GiB,4.21%
2026-04-12 01:53:21
virtual-vault-frontend,0.45%,618.9MiB / 7.654GiB,7.90%
virtual-vault-backend,135.55%,518.4MiB / 7.654GiB,6.61%
mongodb,5.36%,330.7MiB / 7.654GiB,4.22%
2026-04-12 01:53:28
virtual-vault-frontend,0.43%,618.9MiB / 7.654GiB,7.90%
virtual-vault-backend,138.96%,484.4MiB / 7.654GiB,6.18%
mongodb,4.66%,329.8MiB / 7.654GiB,4.21%
2026-04-12 01:53:35
virtual-vault-frontend,0.54%,618.9MiB / 7.654GiB,7.90%
virtual-vault-backend,186.07%,535.9MiB / 7.654GiB,6.84%
mongodb,7.99%,329.4MiB / 7.654GiB,4.20%
2026-04-12 01:53:42
virtual-vault-frontend,0.53%,618.9MiB / 7.654GiB,7.90%
virtual-vault-backend,134.98%,559.5MiB / 7.654GiB,7.14%
mongodb,2.24%,328.7MiB / 7.654GiB,4.19%
2026-04-12 01:53:49
virtual-vault-frontend,0.39%,619MiB / 7.654GiB,7.90%
virtual-vault-backend,121.93%,469.6MiB / 7.654GiB,5.99%
mongodb,2.15%,328.9MiB / 7.654GiB,4.20%
2026-04-12 01:53:56
virtual-vault-frontend,0.47%,619MiB / 7.654GiB,7.90%
virtual-vault-backend,173.68%,459.7MiB / 7.654GiB,5.87%
mongodb,4.04%,328.6MiB / 7.654GiB,4.19%
2026-04-12 01:54:03
virtual-vault-frontend,0.42%,619MiB / 7.654GiB,7.90%
virtual-vault-backend,142.95%,508.2MiB / 7.654GiB,6.48%
mongodb,4.16%,328.6MiB / 7.654GiB,4.19%
2026-04-12 01:54:10
virtual-vault-frontend,0.48%,619MiB / 7.654GiB,7.90%
virtual-vault-backend,120.57%,493.2MiB / 7.654GiB,6.29%
mongodb,4.90%,328.6MiB / 7.654GiB,4.19%
2026-04-12 01:54:17
virtual-vault-frontend,0.41%,619MiB / 7.654GiB,7.90%
virtual-vault-backend,128.49%,504.3MiB / 7.654GiB,6.43%
mongodb,5.46%,334.2MiB / 7.654GiB,4.26%
2026-04-12 01:54:24
virtual-vault-frontend,0.39%,619MiB / 7.654GiB,7.90%
virtual-vault-backend,139.35%,531.8MiB / 7.654GiB,6.79%
mongodb,3.85%,330.9MiB / 7.654GiB,4.22%
2026-04-12 01:54:31
virtual-vault-frontend,0.43%,619.1MiB / 7.654GiB,7.90%
virtual-vault-backend,146.91%,536.1MiB / 7.654GiB,6.84%
mongodb,3.83%,328.6MiB / 7.654GiB,4.19%
2026-04-12 01:54:38
virtual-vault-frontend,0.52%,619.1MiB / 7.654GiB,7.90%
virtual-vault-backend,143.14%,560MiB / 7.654GiB,7.14%
mongodb,2.15%,330.7MiB / 7.654GiB,4.22%
2026-04-12 01:54:45
virtual-vault-frontend,0.39%,619.1MiB / 7.654GiB,7.90%
virtual-vault-backend,138.15%,514.4MiB / 7.654GiB,6.56%
mongodb,5.64%,332.7MiB / 7.654GiB,4.25%
2026-04-12 01:54:52
virtual-vault-frontend,0.44%,619.1MiB / 7.654GiB,7.90%
virtual-vault-backend,151.65%,529.7MiB / 7.654GiB,6.76%
mongodb,6.23%,330.7MiB / 7.654GiB,4.22%
2026-04-12 01:54:59
virtual-vault-frontend,0.37%,619.1MiB / 7.654GiB,7.90%
virtual-vault-backend,155.06%,489.7MiB / 7.654GiB,6.25%
mongodb,3.85%,329.6MiB / 7.654GiB,4.20%
2026-04-12 01:55:06
virtual-vault-frontend,0.42%,619.2MiB / 7.654GiB,7.90%
virtual-vault-backend,163.16%,545.3MiB / 7.654GiB,6.96%
mongodb,4.22%,330.8MiB / 7.654GiB,4.22%
2026-04-12 01:55:13
virtual-vault-frontend,0.48%,619.2MiB / 7.654GiB,7.90%
virtual-vault-backend,141.90%,526.6MiB / 7.654GiB,6.72%
mongodb,3.08%,330.8MiB / 7.654GiB,4.22%
2026-04-12 01:55:20
virtual-vault-frontend,0.47%,619.2MiB / 7.654GiB,7.90%
virtual-vault-backend,144.60%,585.7MiB / 7.654GiB,7.47%
mongodb,4.15%,341.6MiB / 7.654GiB,4.36%
2026-04-12 01:55:27
virtual-vault-frontend,0.46%,619.2MiB / 7.654GiB,7.90%
virtual-vault-backend,116.10%,528.5MiB / 7.654GiB,6.74%
mongodb,1.33%,330.8MiB / 7.654GiB,4.22%
2026-04-12 01:55:34
virtual-vault-frontend,0.45%,618.4MiB / 7.654GiB,7.89%
virtual-vault-backend,152.78%,474.8MiB / 7.654GiB,6.06%
mongodb,4.38%,328.9MiB / 7.654GiB,4.20%
2026-04-12 01:55:41
virtual-vault-frontend,0.60%,618.4MiB / 7.654GiB,7.89%
virtual-vault-backend,194.06%,430.7MiB / 7.654GiB,5.50%
mongodb,5.71%,326.8MiB / 7.654GiB,4.17%
2026-04-12 01:55:48
virtual-vault-frontend,0.43%,618.5MiB / 7.654GiB,7.89%
virtual-vault-backend,125.92%,455.1MiB / 7.654GiB,5.81%
mongodb,4.29%,333.5MiB / 7.654GiB,4.25%
2026-04-12 01:55:55
virtual-vault-frontend,0.49%,618.5MiB / 7.654GiB,7.89%
virtual-vault-backend,128.01%,353.6MiB / 7.654GiB,4.51%
mongodb,1.00%,326.8MiB / 7.654GiB,4.17%
2026-04-12 01:56:02
virtual-vault-frontend,0.60%,618.5MiB / 7.654GiB,7.89%
virtual-vault-backend,2.14%,353.1MiB / 7.654GiB,4.51%
mongodb,1.19%,326.8MiB / 7.654GiB,4.17%
2026-04-12 01:56:09
virtual-vault-frontend,0.37%,618.5MiB / 7.654GiB,7.89%
virtual-vault-backend,114.61%,583.7MiB / 7.654GiB,7.45%
mongodb,1.13%,326.8MiB / 7.654GiB,4.17%
2026-04-12 01:56:17
virtual-vault-frontend,0.96%,618.5MiB / 7.654GiB,7.89%
virtual-vault-backend,0.00%,591.5MiB / 7.654GiB,7.55%
mongodb,0.98%,326.8MiB / 7.654GiB,4.17%
